<?xml version="1.0" encoding="UTF-8"?>
<!-- Generated by org.testng.reporters.JUnitReportReporter -->
<testsuite hostname="DESKTOP-OT5O3DF" failures="0" tests="1" name="NaveenAutomation.purchasingAProduct.productPurchaseTesting" time="10.284" errors="0" timestamp="11 Jun. 2022 18:13:12 GMT" skipped="0">
  <testcase classname="NaveenAutomation.purchasingAProduct.productPurchaseTesting" name="buyingAnItem" time="10.284"/>
</testsuite> <!-- NaveenAutomation.purchasingAProduct.productPurchaseTesting -->
