<?xml version="1.0" encoding="UTF-8"?>
<!-- Generated by org.testng.reporters.JUnitReportReporter -->
<testsuite hostname="DESKTOP-OT5O3DF" failures="0" tests="1" name="com.automationDressPurchaseProject.NewTest.OrderPlacementPageTest2" time="25.653" errors="0" timestamp="03 Apr. 2022 00:34:10 GMT" skipped="0">
  <testcase classname="com.automationDressPurchaseProject.NewTest.OrderPlacementPageTest2" name="verifyUserCanCompleteCheckout" time="25.653"/>
</testsuite> <!-- com.automationDressPurchaseProject.NewTest.OrderPlacementPageTest2 -->
