<?xml version="1.0" encoding="UTF-8"?>
<!-- Generated by org.testng.reporters.JUnitReportReporter -->
<testsuite hostname="DESKTOP-OT5O3DF" failures="0" tests="1" name="com.automationDressPurchaseProject.NewTest.MyAccountPageTest" time="8.355" errors="0" timestamp="02 Apr. 2022 21:23:31 GMT" skipped="0">
  <testcase classname="com.automationDressPurchaseProject.NewTest.MyAccountPageTest" name="verifyUserCanLogin" time="8.355"/>
</testsuite> <!-- com.automationDressPurchaseProject.NewTest.MyAccountPageTest -->
