<?xml version="1.0" encoding="UTF-8"?>
<!-- Generated by org.testng.reporters.JUnitReportReporter -->
<testsuite hostname="DESKTOP-OT5O3DF" failures="0" tests="1" name="com.automationDressPurchaseProject.NewTest.MyAccountPageTest2" time="17.304" errors="0" timestamp="03 Apr. 2022 00:30:33 GMT" skipped="0">
  <testcase classname="com.automationDressPurchaseProject.NewTest.MyAccountPageTest2" name="verifyUserCanCompleteCheckout" time="17.304"/>
</testsuite> <!-- com.automationDressPurchaseProject.NewTest.MyAccountPageTest2 -->
