<?xml version="1.0" encoding="UTF-8"?>
<!-- Generated by org.testng.reporters.JUnitReportReporter -->
<testsuite hostname="DESKTOP-OT5O3DF" failures="0" tests="1" name="com.thomasjacob.learningSelenium.automationClass" time="7.022" errors="0" timestamp="17 Mar. 2022 17:17:26 GMT" skipped="0">
  <testcase classname="com.thomasjacob.learningSelenium.automationClass" name="registerAccount" time="7.022"/>
</testsuite> <!-- com.thomasjacob.learningSelenium.automationClass -->
